<?xml version="1.0" encoding="UTF-8"?>
<!-- Generated by org.testng.reporters.JUnitReportReporter -->
<testsuite hostname="CFLNAVALUR4632" failures="0" tests="1" name="com.qa.testscripts.SwagLogin_01" time="4.532" errors="0" timestamp="2024-01-02T12:15:52 IST" skipped="0">
  <testcase classname="com.qa.testscripts.SwagLogin_01" name="f" time="4.532"/>
  <system-out/>
</testsuite> <!-- com.qa.testscripts.SwagLogin_01 -->
