<?xml version="1.0" encoding="UTF-8"?>
<!-- Generated by org.testng.reporters.JUnitReportReporter -->
<testsuite hostname="CFLNAVALUR4632" failures="0" tests="1" name="AndroidApiDemo_TestScripts.TestBase2" time="15.964" errors="0" timestamp="2023-12-20T14:09:55 IST" skipped="0">
  <testcase classname="AndroidApiDemo_TestScripts.TestBase2" name="testBase2" time="15.964"/>
  <system-out/>
</testsuite> <!-- AndroidApiDemo_TestScripts.TestBase2 -->
