<?xml version="1.0" encoding="UTF-8"?>
<!-- Generated by org.testng.reporters.JUnitReportReporter -->
<testsuite hostname="CFLNAVALUR4632" failures="0" tests="1" name="AndroidApiDemo_TestScripts.SampleTest" time="6.952" errors="0" timestamp="2023-12-12T14:23:19 IST" skipped="0">
  <testcase classname="AndroidApiDemo_TestScripts.SampleTest" name="getAccess" time="6.952"/>
  <system-out/>
</testsuite> <!-- AndroidApiDemo_TestScripts.SampleTest -->
