<?xml version="1.0" encoding="UTF-8"?>
<!-- Generated by org.testng.reporters.JUnitReportReporter -->
<testsuite hostname="CFLNAVALUR4632" failures="0" tests="1" name="AndroidApiDemo_TestScripts.TC_App" time="57.172" errors="0" timestamp="2023-12-20T14:26:35 IST" skipped="0">
  <testcase classname="AndroidApiDemo_TestScripts.TC_App" name="f" time="57.172"/>
  <system-out/>
</testsuite> <!-- AndroidApiDemo_TestScripts.TC_App -->
